Flow report for Lab6
Fri Oct 26 16:53:11 2018
Quartus II 64-Bit Version 15.0.2 Build 153 07/15/2015 SJ Full Version


---------------------
; Table of Contents ;
---------------------
  1. Legal Notice
  2. Flow Summary
  3. Flow Settings
  4. Flow Non-Default Global Settings
  5. Flow Elapsed Time
  6. Flow OS Summary
  7. Flow Log
  8. Flow Messages
  9. Flow Suppressed Messages



----------------
; Legal Notice ;
----------------
Copyright (C) 1991-2015 Altera Corporation. All rights reserved.
Your use of Altera Corporation's design tools, logic functions 
and other software and tools, and its AMPP partner logic 
functions, and any output files from any of the foregoing 
(including device programming or simulation files), and any 
associated documentation or information are expressly subject 
to the terms and conditions of the Altera Program License 
Subscription Agreement, the Altera Quartus II License Agreement,
the Altera MegaCore Function License Agreement, or other 
applicable license agreement, including, without limitation, 
that your use is for the sole purpose of programming logic 
devices manufactured by Altera and sold by Altera or its 
authorized distributors.  Please refer to the applicable 
agreement for further details.



+----------------------------------------------------------------------------------+
; Flow Summary                                                                     ;
+------------------------------------+---------------------------------------------+
; Flow Status                        ; Successful - Fri Oct 26 16:53:04 2018       ;
; Quartus II 64-Bit Version          ; 15.0.2 Build 153 07/15/2015 SJ Full Version ;
; Revision Name                      ; Lab6                                        ;
; Top-level Entity Name              ; TestReaction                                ;
; Family                             ; Cyclone IV E                                ;
; Device                             ; EP4CE115F29C7                               ;
; Timing Models                      ; Final                                       ;
; Total logic elements               ; 653 / 114,480 ( < 1 % )                     ;
;     Total combinational functions  ; 483 / 114,480 ( < 1 % )                     ;
;     Dedicated logic registers      ; 485 / 114,480 ( < 1 % )                     ;
; Total registers                    ; 485                                         ;
; Total pins                         ; 20 / 529 ( 4 % )                            ;
; Total virtual pins                 ; 0                                           ;
; Total memory bits                  ; 1,024 / 3,981,312 ( < 1 % )                 ;
; Embedded Multiplier 9-bit elements ; 0 / 532 ( 0 % )                             ;
; Total PLLs                         ; 0 / 4 ( 0 % )                               ;
+------------------------------------+---------------------------------------------+


+-----------------------------------------+
; Flow Settings                           ;
+-------------------+---------------------+
; Option            ; Setting             ;
+-------------------+---------------------+
; Start date & time ; 10/26/2018 16:51:55 ;
; Main task         ; Compilation         ;
; Revision Name     ; Lab6                ;
+-------------------+---------------------+


+----------------------------------------------------------------------------------------------------------------------------------------------------------+
; Flow Non-Default Global Settings                                                                                                                         ;
+-------------------------------------+------------------------------------------------------------------+---------------+--------------+------------------+
; Assignment Name                     ; Value                                                            ; Default Value ; Entity Name  ; Section Id       ;
+-------------------------------------+------------------------------------------------------------------+---------------+--------------+------------------+
; COMPILER_SIGNATURE_ID               ; 159090362046563.154059791507948                                  ; --            ; --           ; --               ;
; ENABLE_SIGNALTAP                    ; On                                                               ; --            ; --           ; --               ;
; MAX_CORE_JUNCTION_TEMP              ; 85                                                               ; --            ; --           ; --               ;
; MIN_CORE_JUNCTION_TEMP              ; 0                                                                ; --            ; --           ; --               ;
; NOMINAL_CORE_SUPPLY_VOLTAGE         ; 1.2V                                                             ; --            ; --           ; --               ;
; PARTITION_COLOR                     ; 16764057                                                         ; --            ; TestReaction ; Top              ;
; PARTITION_FITTER_PRESERVATION_LEVEL ; PLACEMENT_AND_ROUTING                                            ; --            ; TestReaction ; Top              ;
; PARTITION_NETLIST_TYPE              ; SOURCE                                                           ; --            ; TestReaction ; Top              ;
; POWER_BOARD_THERMAL_MODEL           ; None (CONSERVATIVE)                                              ; --            ; --           ; --               ;
; POWER_PRESET_COOLING_SOLUTION       ; 23 MM HEAT SINK WITH 200 LFPM AIRFLOW                            ; --            ; --           ; --               ;
; PROJECT_OUTPUT_DIRECTORY            ; output_files                                                     ; --            ; --           ; --               ;
; SLD_FILE                            ; db/stp1_auto_stripped.stp                                        ; --            ; --           ; --               ;
; SLD_NODE_CREATOR_ID                 ; 110                                                              ; --            ; --           ; auto_signaltap_0 ;
; SLD_NODE_ENTITY_NAME                ; sld_signaltap                                                    ; --            ; --           ; auto_signaltap_0 ;
; SLD_NODE_PARAMETER_ASSIGNMENT       ; SLD_RAM_BLOCK_TYPE=AUTO                                          ; --            ; --           ; auto_signaltap_0 ;
; SLD_NODE_PARAMETER_ASSIGNMENT       ; SLD_DATA_BITS=8                                                  ; --            ; --           ; auto_signaltap_0 ;
; SLD_NODE_PARAMETER_ASSIGNMENT       ; SLD_TRIGGER_BITS=8                                               ; --            ; --           ; auto_signaltap_0 ;
; SLD_NODE_PARAMETER_ASSIGNMENT       ; SLD_STORAGE_QUALIFIER_BITS=8                                     ; --            ; --           ; auto_signaltap_0 ;
; SLD_NODE_PARAMETER_ASSIGNMENT       ; SLD_NODE_INFO=805334528                                          ; --            ; --           ; auto_signaltap_0 ;
; SLD_NODE_PARAMETER_ASSIGNMENT       ; SLD_POWER_UP_TRIGGER=0                                           ; --            ; --           ; auto_signaltap_0 ;
; SLD_NODE_PARAMETER_ASSIGNMENT       ; SLD_INVERSION_MASK=000000000000000000000000000000000000000000000 ; --            ; --           ; auto_signaltap_0 ;
; SLD_NODE_PARAMETER_ASSIGNMENT       ; SLD_INVERSION_MASK_LENGTH=45                                     ; --            ; --           ; auto_signaltap_0 ;
; SLD_NODE_PARAMETER_ASSIGNMENT       ; SLD_STORAGE_QUALIFIER_INVERSION_MASK_LENGTH=0                    ; --            ; --           ; auto_signaltap_0 ;
; SLD_NODE_PARAMETER_ASSIGNMENT       ; SLD_SEGMENT_SIZE=128                                             ; --            ; --           ; auto_signaltap_0 ;
; SLD_NODE_PARAMETER_ASSIGNMENT       ; SLD_ATTRIBUTE_MEM_MODE=OFF                                       ; --            ; --           ; auto_signaltap_0 ;
; SLD_NODE_PARAMETER_ASSIGNMENT       ; SLD_STATE_FLOW_USE_GENERATED=0                                   ; --            ; --           ; auto_signaltap_0 ;
; SLD_NODE_PARAMETER_ASSIGNMENT       ; SLD_STATE_BITS=11                                                ; --            ; --           ; auto_signaltap_0 ;
; SLD_NODE_PARAMETER_ASSIGNMENT       ; SLD_BUFFER_FULL_STOP=1                                           ; --            ; --           ; auto_signaltap_0 ;
; SLD_NODE_PARAMETER_ASSIGNMENT       ; SLD_CURRENT_RESOURCE_WIDTH=1                                     ; --            ; --           ; auto_signaltap_0 ;
; SLD_NODE_PARAMETER_ASSIGNMENT       ; SLD_INCREMENTAL_ROUTING=1                                        ; --            ; --           ; auto_signaltap_0 ;
; SLD_NODE_PARAMETER_ASSIGNMENT       ; SLD_TRIGGER_LEVEL=1                                              ; --            ; --           ; auto_signaltap_0 ;
; SLD_NODE_PARAMETER_ASSIGNMENT       ; SLD_SAMPLE_DEPTH=128                                             ; --            ; --           ; auto_signaltap_0 ;
; SLD_NODE_PARAMETER_ASSIGNMENT       ; SLD_TRIGGER_IN_ENABLED=0                                         ; --            ; --           ; auto_signaltap_0 ;
; SLD_NODE_PARAMETER_ASSIGNMENT       ; SLD_ADVANCED_TRIGGER_ENTITY=basic,1,                             ; --            ; --           ; auto_signaltap_0 ;
; SLD_NODE_PARAMETER_ASSIGNMENT       ; SLD_TRIGGER_LEVEL_PIPELINE=1                                     ; --            ; --           ; auto_signaltap_0 ;
; SLD_NODE_PARAMETER_ASSIGNMENT       ; SLD_ENABLE_ADVANCED_TRIGGER=0                                    ; --            ; --           ; auto_signaltap_0 ;
; TOP_LEVEL_ENTITY                    ; TestReaction                                                     ; Lab6          ; --           ; --               ;
; USE_SIGNALTAP_FILE                  ; stp1.stp                                                         ; --            ; --           ; --               ;
+-------------------------------------+------------------------------------------------------------------+---------------+--------------+------------------+


+-------------------------------------------------------------------------------------------------------------------------------+
; Flow Elapsed Time                                                                                                             ;
+---------------------------+--------------+-------------------------+---------------------+------------------------------------+
; Module Name               ; Elapsed Time ; Average Processors Used ; Peak Virtual Memory ; Total CPU Time (on all processors) ;
+---------------------------+--------------+-------------------------+---------------------+------------------------------------+
; Analysis & Synthesis      ; 00:00:40     ; 1.0                     ; 762 MB              ; 00:00:54                           ;
; Fitter                    ; 00:00:14     ; 1.5                     ; 1612 MB             ; 00:00:16                           ;
; Assembler                 ; 00:00:06     ; 1.0                     ; 614 MB              ; 00:00:05                           ;
; TimeQuest Timing Analyzer ; 00:00:05     ; 1.0                     ; 798 MB              ; 00:00:03                           ;
; Total                     ; 00:01:05     ; --                      ; --                  ; 00:01:18                           ;
+---------------------------+--------------+-------------------------+---------------------+------------------------------------+


+----------------------------------------------------------------------------------------+
; Flow OS Summary                                                                        ;
+---------------------------+------------------+-----------+------------+----------------+
; Module Name               ; Machine Hostname ; OS Name   ; OS Version ; Processor type ;
+---------------------------+------------------+-----------+------------+----------------+
; Analysis & Synthesis      ; lab223           ; Windows 7 ; 6.1        ; x86_64         ;
; Fitter                    ; lab223           ; Windows 7 ; 6.1        ; x86_64         ;
; Assembler                 ; lab223           ; Windows 7 ; 6.1        ; x86_64         ;
; TimeQuest Timing Analyzer ; lab223           ; Windows 7 ; 6.1        ; x86_64         ;
+---------------------------+------------------+-----------+------------+----------------+


------------
; Flow Log ;
------------
quartus_map --read_settings_files=on --write_settings_files=off Lab6 -c Lab6
quartus_fit --read_settings_files=off --write_settings_files=off Lab6 -c Lab6
quartus_asm --read_settings_files=off --write_settings_files=off Lab6 -c Lab6
quartus_sta Lab6 -c Lab6



